07 февр. 2024 - 19:57:00.156 INFO  c.e.L.Lesson26KunUz1Application - Starting Lesson26KunUz1Application using Java 17.0.7 with PID 23716 (C:\Coduz\Spring\Lesson_26_kun_uz1\Lesson_26_kun_uz1\target\classes started by Laptop in C:\Coduz\Spring\Lesson_26_kun_uz1)
07 февр. 2024 - 19:57:00.171 DEBUG c.e.L.Lesson26KunUz1Application - Running with Spring Boot v3.2.2, Spring v6.1.3
07 февр. 2024 - 19:57:00.171 INFO  c.e.L.Lesson26KunUz1Application - The following 1 profile is active: "local"
07 февр. 2024 - 19:57:00.865 INFO  o.s.d.r.c.RepositoryConfigurationDelegate - Bootstrapping Spring Data JPA repositories in DEFAULT mode.
07 февр. 2024 - 19:57:00.937 INFO  o.s.d.r.c.RepositoryConfigurationDelegate - Finished Spring Data repository scanning in 66 ms. Found 11 JPA repository interfaces.
07 февр. 2024 - 19:57:01.393 INFO  o.s.b.w.e.tomcat.TomcatWebServer - Tomcat initialized with port 8080 (http)
07 февр. 2024 - 19:57:01.402 INFO  o.a.catalina.core.StandardService - Starting service [Tomcat]
07 февр. 2024 - 19:57:01.403 INFO  o.a.catalina.core.StandardEngine - Starting Servlet engine: [Apache Tomcat/10.1.18]
07 февр. 2024 - 19:57:01.452 INFO  o.a.c.c.C.[Tomcat].[localhost].[/] - Initializing Spring embedded WebApplicationContext
07 февр. 2024 - 19:57:01.452 INFO  o.s.b.w.s.c.ServletWebServerApplicationContext - Root WebApplicationContext: initialization completed in 1230 ms
07 февр. 2024 - 19:57:01.475 INFO  o.a.catalina.core.StandardContext - Suspicious URL pattern: [/region/adm/**] in context [], see sections 12.1 and 12.2 of the Servlet specification
07 февр. 2024 - 19:57:01.495 DEBUG c.e.L.Config.TokenFilter - Filter 'filterRegistrationBean' configured for use
07 февр. 2024 - 19:57:01.579 INFO  o.h.jpa.internal.util.LogHelper - HHH000204: Processing PersistenceUnitInfo [name: default]
07 февр. 2024 - 19:57:01.630 INFO  org.hibernate.Version - HHH000412: Hibernate ORM core version 6.4.1.Final
07 февр. 2024 - 19:57:01.662 INFO  o.h.c.i.RegionFactoryInitiator - HHH000026: Second-level cache disabled
07 февр. 2024 - 19:57:01.841 INFO  o.s.o.j.p.SpringPersistenceUnitInfo - No LoadTimeWeaver setup: ignoring JPA class transformer
07 февр. 2024 - 19:57:01.864 INFO  com.zaxxer.hikari.HikariDataSource - HikariPool-1 - Starting...
07 февр. 2024 - 19:57:02.008 INFO  com.zaxxer.hikari.pool.HikariPool - HikariPool-1 - Added connection org.postgresql.jdbc.PgConnection@7f8c3646
07 февр. 2024 - 19:57:02.010 INFO  com.zaxxer.hikari.HikariDataSource - HikariPool-1 - Start completed.
07 февр. 2024 - 19:57:02.983 INFO  o.h.e.t.j.p.i.JtaPlatformInitiator - HHH000489: No JTA platform available (set 'hibernate.transaction.jta.platform' to enable JTA platform integration)
07 февр. 2024 - 19:57:03.152 INFO  o.s.o.j.LocalContainerEntityManagerFactoryBean - Initialized JPA EntityManagerFactory for persistence unit 'default'
07 февр. 2024 - 19:57:03.352 INFO  o.s.d.j.r.query.QueryEnhancerFactory - Hibernate is in classpath; If applicable, HQL parser will be used.
07 февр. 2024 - 19:57:03.849 WARN  o.s.b.a.o.j.JpaBaseConfiguration$JpaWebConfiguration - spring.jpa.open-in-view is enabled by default. Therefore, database queries may be performed during view rendering. Explicitly configure spring.jpa.open-in-view to disable this warning
07 февр. 2024 - 19:57:04.202 INFO  o.s.b.w.e.tomcat.TomcatWebServer - Tomcat started on port 8080 (http) with context path ''
07 февр. 2024 - 19:57:04.211 INFO  c.e.L.Lesson26KunUz1Application - Started Lesson26KunUz1Application in 4.572 seconds (process running for 5.25)
07 февр. 2024 - 19:57:16.591 INFO  o.a.c.c.C.[Tomcat].[localhost].[/] - Initializing Spring DispatcherServlet 'dispatcherServlet'
07 февр. 2024 - 19:57:16.592 INFO  o.s.web.servlet.DispatcherServlet - Initializing Servlet 'dispatcherServlet'
07 февр. 2024 - 19:57:16.593 INFO  o.s.web.servlet.DispatcherServlet - Completed initialization in 1 ms
07 февр. 2024 - 19:57:16.678 DEBUG c.e.L.Controller.AuthController - Login In Debug
07 февр. 2024 - 19:57:16.678 INFO  c.e.L.Controller.AuthController - Login admin@mail.ru 
07 февр. 2024 - 19:57:16.678 WARN  c.e.L.Controller.AuthController - Login admin@mail.ru 
07 февр. 2024 - 19:57:16.678 ERROR c.e.L.Controller.AuthController - Login admin@mail.ru 
07 февр. 2024 - 19:58:29.419 DEBUG c.e.L.Controller.AuthController - Login In Debug
07 февр. 2024 - 19:58:29.420 INFO  c.e.L.Controller.AuthController - Login admin@mail.ru 
07 февр. 2024 - 19:58:29.420 WARN  c.e.L.Controller.AuthController - Login admin@mail.ru 
07 февр. 2024 - 19:58:29.420 ERROR c.e.L.Controller.AuthController - Login admin@mail.ru 
07 февр. 2024 - 20:01:11.586 INFO  o.a.coyote.http11.Http11Processor - Error parsing HTTP request header
 Note: further occurrences of HTTP request parsing errors will be logged at DEBUG level.
java.lang.IllegalArgumentException: Invalid character found in method name [0x160x030x010x020x1a0x010x000x020x160x030x030x17n0x9a0xe50xe3u0xcb0xc70xcd0xd5y&N0xa7u90x970xd00xfa0xbb7)%>0x110x150xa50xc7Xp0xac* ]. HTTP method names must be tokens
	at org.apache.coyote.http11.Http11InputBuffer.parseRequestLine(Http11InputBuffer.java:407)
	at org.apache.coyote.http11.Http11Processor.service(Http11Processor.java:264)
	at org.apache.coyote.AbstractProcessorLight.process(AbstractProcessorLight.java:63)
	at org.apache.coyote.AbstractProtocol$ConnectionHandler.process(AbstractProtocol.java:896)
	at org.apache.tomcat.util.net.NioEndpoint$SocketProcessor.doRun(NioEndpoint.java:1744)
	at org.apache.tomcat.util.net.SocketProcessorBase.run(SocketProcessorBase.java:52)
	at org.apache.tomcat.util.threads.ThreadPoolExecutor.runWorker(ThreadPoolExecutor.java:1191)
	at org.apache.tomcat.util.threads.ThreadPoolExecutor$Worker.run(ThreadPoolExecutor.java:659)
	at org.apache.tomcat.util.threads.TaskThread$WrappingRunnable.run(TaskThread.java:61)
	at java.base/java.lang.Thread.run(Thread.java:833)
07 февр. 2024 - 20:02:55.968 INFO  o.s.o.j.LocalContainerEntityManagerFactoryBean - Closing JPA EntityManagerFactory for persistence unit 'default'
07 февр. 2024 - 20:02:55.980 INFO  com.zaxxer.hikari.HikariDataSource - HikariPool-1 - Shutdown initiated...
07 февр. 2024 - 20:02:55.985 INFO  com.zaxxer.hikari.HikariDataSource - HikariPool-1 - Shutdown completed.
07 февр. 2024 - 20:06:15.443 INFO  c.e.L.Lesson26KunUz1Application - Starting Lesson26KunUz1Application using Java 17.0.7 with PID 27808 (C:\Coduz\Spring\Lesson_26_kun_uz1\Lesson_26_kun_uz1\target\classes started by Laptop in C:\Coduz\Spring\Lesson_26_kun_uz1)
07 февр. 2024 - 20:06:15.460 DEBUG c.e.L.Lesson26KunUz1Application - Running with Spring Boot v3.2.2, Spring v6.1.3
07 февр. 2024 - 20:06:15.461 INFO  c.e.L.Lesson26KunUz1Application - The following 1 profile is active: "local"
07 февр. 2024 - 20:06:16.177 INFO  o.s.d.r.c.RepositoryConfigurationDelegate - Bootstrapping Spring Data JPA repositories in DEFAULT mode.
07 февр. 2024 - 20:06:16.265 INFO  o.s.d.r.c.RepositoryConfigurationDelegate - Finished Spring Data repository scanning in 81 ms. Found 11 JPA repository interfaces.
07 февр. 2024 - 20:06:16.787 INFO  o.s.b.w.e.tomcat.TomcatWebServer - Tomcat initialized with port 8080 (http)
07 февр. 2024 - 20:06:16.799 INFO  o.a.catalina.core.StandardService - Starting service [Tomcat]
07 февр. 2024 - 20:06:16.799 INFO  o.a.catalina.core.StandardEngine - Starting Servlet engine: [Apache Tomcat/10.1.18]
07 февр. 2024 - 20:06:16.865 INFO  o.a.c.c.C.[Tomcat].[localhost].[/] - Initializing Spring embedded WebApplicationContext
07 февр. 2024 - 20:06:16.866 INFO  o.s.b.w.s.c.ServletWebServerApplicationContext - Root WebApplicationContext: initialization completed in 1358 ms
07 февр. 2024 - 20:06:16.889 INFO  o.a.catalina.core.StandardContext - Suspicious URL pattern: [/region/adm/**] in context [], see sections 12.1 and 12.2 of the Servlet specification
07 февр. 2024 - 20:06:16.915 DEBUG c.e.L.Config.TokenFilter - Filter 'filterRegistrationBean' configured for use
07 февр. 2024 - 20:06:17.038 INFO  o.h.jpa.internal.util.LogHelper - HHH000204: Processing PersistenceUnitInfo [name: default]
07 февр. 2024 - 20:06:17.140 INFO  org.hibernate.Version - HHH000412: Hibernate ORM core version 6.4.1.Final
07 февр. 2024 - 20:06:17.187 INFO  o.h.c.i.RegionFactoryInitiator - HHH000026: Second-level cache disabled
07 февр. 2024 - 20:06:17.477 INFO  o.s.o.j.p.SpringPersistenceUnitInfo - No LoadTimeWeaver setup: ignoring JPA class transformer
07 февр. 2024 - 20:06:17.505 INFO  com.zaxxer.hikari.HikariDataSource - HikariPool-1 - Starting...
07 февр. 2024 - 20:06:17.676 INFO  com.zaxxer.hikari.pool.HikariPool - HikariPool-1 - Added connection org.postgresql.jdbc.PgConnection@7e848aea
07 февр. 2024 - 20:06:17.677 INFO  com.zaxxer.hikari.HikariDataSource - HikariPool-1 - Start completed.
07 февр. 2024 - 20:06:18.921 INFO  o.h.e.t.j.p.i.JtaPlatformInitiator - HHH000489: No JTA platform available (set 'hibernate.transaction.jta.platform' to enable JTA platform integration)
07 февр. 2024 - 20:06:19.083 INFO  o.s.o.j.LocalContainerEntityManagerFactoryBean - Initialized JPA EntityManagerFactory for persistence unit 'default'
07 февр. 2024 - 20:06:19.307 INFO  o.s.d.j.r.query.QueryEnhancerFactory - Hibernate is in classpath; If applicable, HQL parser will be used.
07 февр. 2024 - 20:06:19.889 WARN  o.s.b.a.o.j.JpaBaseConfiguration$JpaWebConfiguration - spring.jpa.open-in-view is enabled by default. Therefore, database queries may be performed during view rendering. Explicitly configure spring.jpa.open-in-view to disable this warning
07 февр. 2024 - 20:06:20.258 INFO  o.s.b.w.e.tomcat.TomcatWebServer - Tomcat started on port 8080 (http) with context path ''
07 февр. 2024 - 20:06:20.266 INFO  c.e.L.Lesson26KunUz1Application - Started Lesson26KunUz1Application in 5.368 seconds (process running for 6.224)
07 февр. 2024 - 20:06:36.351 INFO  o.a.c.c.C.[Tomcat].[localhost].[/] - Initializing Spring DispatcherServlet 'dispatcherServlet'
07 февр. 2024 - 20:06:36.352 INFO  o.s.web.servlet.DispatcherServlet - Initializing Servlet 'dispatcherServlet'
07 февр. 2024 - 20:06:36.353 INFO  o.s.web.servlet.DispatcherServlet - Completed initialization in 1 ms
07 февр. 2024 - 20:06:36.438 DEBUG c.e.L.Controller.AuthController - Login In Debug
07 февр. 2024 - 20:06:36.439 INFO  c.e.L.Controller.AuthController - Login admin@mail.ru 
07 февр. 2024 - 20:06:36.439 WARN  c.e.L.Controller.AuthController - Login admin@mail.ru 
07 февр. 2024 - 20:06:36.439 ERROR c.e.L.Controller.AuthController - Login admin@mail.ru 
07 февр. 2024 - 20:09:56.040 INFO  o.s.o.j.LocalContainerEntityManagerFactoryBean - Closing JPA EntityManagerFactory for persistence unit 'default'
07 февр. 2024 - 20:09:56.044 INFO  com.zaxxer.hikari.HikariDataSource - HikariPool-1 - Shutdown initiated...
07 февр. 2024 - 20:09:56.049 INFO  com.zaxxer.hikari.HikariDataSource - HikariPool-1 - Shutdown completed.
07 февр. 2024 - 20:32:23.116 INFO  c.e.L.Lesson26KunUz1Application - Starting Lesson26KunUz1Application using Java 17.0.7 with PID 10156 (C:\Coduz\Spring\Lesson_26_kun_uz1\Lesson_26_kun_uz1\target\classes started by Laptop in C:\Coduz\Spring\Lesson_26_kun_uz1)
07 февр. 2024 - 20:32:23.138 DEBUG c.e.L.Lesson26KunUz1Application - Running with Spring Boot v3.2.2, Spring v6.1.3
07 февр. 2024 - 20:32:23.139 INFO  c.e.L.Lesson26KunUz1Application - The following 1 profile is active: "local"
07 февр. 2024 - 20:32:24.057 INFO  o.s.d.r.c.RepositoryConfigurationDelegate - Bootstrapping Spring Data JPA repositories in DEFAULT mode.
07 февр. 2024 - 20:32:24.145 INFO  o.s.d.r.c.RepositoryConfigurationDelegate - Finished Spring Data repository scanning in 80 ms. Found 11 JPA repository interfaces.
07 февр. 2024 - 20:32:24.734 INFO  o.s.b.w.e.tomcat.TomcatWebServer - Tomcat initialized with port 8080 (http)
07 февр. 2024 - 20:32:24.748 INFO  o.a.catalina.core.StandardService - Starting service [Tomcat]
07 февр. 2024 - 20:32:24.749 INFO  o.a.catalina.core.StandardEngine - Starting Servlet engine: [Apache Tomcat/10.1.18]
07 февр. 2024 - 20:32:24.816 INFO  o.a.c.c.C.[Tomcat].[localhost].[/] - Initializing Spring embedded WebApplicationContext
07 февр. 2024 - 20:32:24.817 INFO  o.s.b.w.s.c.ServletWebServerApplicationContext - Root WebApplicationContext: initialization completed in 1628 ms
07 февр. 2024 - 20:32:24.842 INFO  o.a.catalina.core.StandardContext - Suspicious URL pattern: [/region/adm/**] in context [], see sections 12.1 and 12.2 of the Servlet specification
07 февр. 2024 - 20:32:24.868 DEBUG c.e.L.Config.TokenFilter - Filter 'filterRegistrationBean' configured for use
07 февр. 2024 - 20:32:24.998 INFO  o.h.jpa.internal.util.LogHelper - HHH000204: Processing PersistenceUnitInfo [name: default]
07 февр. 2024 - 20:32:25.089 INFO  org.hibernate.Version - HHH000412: Hibernate ORM core version 6.4.1.Final
07 февр. 2024 - 20:32:25.140 INFO  o.h.c.i.RegionFactoryInitiator - HHH000026: Second-level cache disabled
07 февр. 2024 - 20:32:25.494 INFO  o.s.o.j.p.SpringPersistenceUnitInfo - No LoadTimeWeaver setup: ignoring JPA class transformer
07 февр. 2024 - 20:32:25.534 INFO  com.zaxxer.hikari.HikariDataSource - HikariPool-1 - Starting...
07 февр. 2024 - 20:32:25.810 INFO  com.zaxxer.hikari.pool.HikariPool - HikariPool-1 - Added connection org.postgresql.jdbc.PgConnection@29b5533
07 февр. 2024 - 20:32:25.812 INFO  com.zaxxer.hikari.HikariDataSource - HikariPool-1 - Start completed.
07 февр. 2024 - 20:32:27.274 INFO  o.h.e.t.j.p.i.JtaPlatformInitiator - HHH000489: No JTA platform available (set 'hibernate.transaction.jta.platform' to enable JTA platform integration)
07 февр. 2024 - 20:32:27.510 INFO  o.s.o.j.LocalContainerEntityManagerFactoryBean - Initialized JPA EntityManagerFactory for persistence unit 'default'
07 февр. 2024 - 20:32:27.773 INFO  o.s.d.j.r.query.QueryEnhancerFactory - Hibernate is in classpath; If applicable, HQL parser will be used.
07 февр. 2024 - 20:32:28.450 WARN  o.s.b.a.o.j.JpaBaseConfiguration$JpaWebConfiguration - spring.jpa.open-in-view is enabled by default. Therefore, database queries may be performed during view rendering. Explicitly configure spring.jpa.open-in-view to disable this warning
07 февр. 2024 - 20:32:28.905 INFO  o.s.b.w.e.tomcat.TomcatWebServer - Tomcat started on port 8080 (http) with context path ''
07 февр. 2024 - 20:32:28.915 INFO  c.e.L.Lesson26KunUz1Application - Started Lesson26KunUz1Application in 6.359 seconds (process running for 7.397)
07 февр. 2024 - 20:33:24.844 INFO  o.s.o.j.LocalContainerEntityManagerFactoryBean - Closing JPA EntityManagerFactory for persistence unit 'default'
07 февр. 2024 - 20:33:24.847 INFO  com.zaxxer.hikari.HikariDataSource - HikariPool-1 - Shutdown initiated...
07 февр. 2024 - 20:33:24.852 INFO  com.zaxxer.hikari.HikariDataSource - HikariPool-1 - Shutdown completed.
07 февр. 2024 - 20:33:29.323 INFO  c.e.L.Lesson26KunUz1Application - Starting Lesson26KunUz1Application using Java 17.0.7 with PID 8164 (C:\Coduz\Spring\Lesson_26_kun_uz1\Lesson_26_kun_uz1\target\classes started by Laptop in C:\Coduz\Spring\Lesson_26_kun_uz1)
07 февр. 2024 - 20:33:29.341 DEBUG c.e.L.Lesson26KunUz1Application - Running with Spring Boot v3.2.2, Spring v6.1.3
07 февр. 2024 - 20:33:29.342 INFO  c.e.L.Lesson26KunUz1Application - The following 1 profile is active: "local"
07 февр. 2024 - 20:33:30.147 INFO  o.s.d.r.c.RepositoryConfigurationDelegate - Bootstrapping Spring Data JPA repositories in DEFAULT mode.
07 февр. 2024 - 20:33:30.224 INFO  o.s.d.r.c.RepositoryConfigurationDelegate - Finished Spring Data repository scanning in 70 ms. Found 11 JPA repository interfaces.
07 февр. 2024 - 20:33:30.753 INFO  o.s.b.w.e.tomcat.TomcatWebServer - Tomcat initialized with port 8080 (http)
07 февр. 2024 - 20:33:30.765 INFO  o.a.catalina.core.StandardService - Starting service [Tomcat]
07 февр. 2024 - 20:33:30.765 INFO  o.a.catalina.core.StandardEngine - Starting Servlet engine: [Apache Tomcat/10.1.18]
07 февр. 2024 - 20:33:30.836 INFO  o.a.c.c.C.[Tomcat].[localhost].[/] - Initializing Spring embedded WebApplicationContext
07 февр. 2024 - 20:33:30.836 INFO  o.s.b.w.s.c.ServletWebServerApplicationContext - Root WebApplicationContext: initialization completed in 1401 ms
07 февр. 2024 - 20:33:30.859 INFO  o.a.catalina.core.StandardContext - Suspicious URL pattern: [/region/adm/**] in context [], see sections 12.1 and 12.2 of the Servlet specification
07 февр. 2024 - 20:33:30.884 DEBUG c.e.L.Config.TokenFilter - Filter 'filterRegistrationBean' configured for use
07 февр. 2024 - 20:33:30.992 INFO  o.h.jpa.internal.util.LogHelper - HHH000204: Processing PersistenceUnitInfo [name: default]
07 февр. 2024 - 20:33:31.075 INFO  org.hibernate.Version - HHH000412: Hibernate ORM core version 6.4.1.Final
07 февр. 2024 - 20:33:31.117 INFO  o.h.c.i.RegionFactoryInitiator - HHH000026: Second-level cache disabled
07 февр. 2024 - 20:33:31.359 INFO  o.s.o.j.p.SpringPersistenceUnitInfo - No LoadTimeWeaver setup: ignoring JPA class transformer
07 февр. 2024 - 20:33:31.401 INFO  com.zaxxer.hikari.HikariDataSource - HikariPool-1 - Starting...
07 февр. 2024 - 20:33:31.590 INFO  com.zaxxer.hikari.pool.HikariPool - HikariPool-1 - Added connection org.postgresql.jdbc.PgConnection@11abd6c
07 февр. 2024 - 20:33:31.592 INFO  com.zaxxer.hikari.HikariDataSource - HikariPool-1 - Start completed.
07 февр. 2024 - 20:33:32.784 INFO  o.h.e.t.j.p.i.JtaPlatformInitiator - HHH000489: No JTA platform available (set 'hibernate.transaction.jta.platform' to enable JTA platform integration)
07 февр. 2024 - 20:33:32.956 INFO  o.s.o.j.LocalContainerEntityManagerFactoryBean - Initialized JPA EntityManagerFactory for persistence unit 'default'
07 февр. 2024 - 20:33:33.168 INFO  o.s.d.j.r.query.QueryEnhancerFactory - Hibernate is in classpath; If applicable, HQL parser will be used.
07 февр. 2024 - 20:33:33.758 WARN  o.s.b.a.o.j.JpaBaseConfiguration$JpaWebConfiguration - spring.jpa.open-in-view is enabled by default. Therefore, database queries may be performed during view rendering. Explicitly configure spring.jpa.open-in-view to disable this warning
07 февр. 2024 - 20:33:34.138 INFO  o.s.b.w.e.tomcat.TomcatWebServer - Tomcat started on port 8080 (http) with context path ''
07 февр. 2024 - 20:33:34.149 INFO  c.e.L.Lesson26KunUz1Application - Started Lesson26KunUz1Application in 5.814 seconds (process running for 6.77)
07 февр. 2024 - 20:35:18.515 INFO  o.s.o.j.LocalContainerEntityManagerFactoryBean - Closing JPA EntityManagerFactory for persistence unit 'default'
07 февр. 2024 - 20:35:18.550 INFO  com.zaxxer.hikari.HikariDataSource - HikariPool-1 - Shutdown initiated...
07 февр. 2024 - 20:35:18.567 INFO  com.zaxxer.hikari.HikariDataSource - HikariPool-1 - Shutdown completed.
07 февр. 2024 - 20:35:24.673 INFO  c.e.L.Lesson26KunUz1Application - Starting Lesson26KunUz1Application using Java 17.0.7 with PID 35584 (C:\Coduz\Spring\Lesson_26_kun_uz1\Lesson_26_kun_uz1\target\classes started by Laptop in C:\Coduz\Spring\Lesson_26_kun_uz1)
07 февр. 2024 - 20:35:24.691 DEBUG c.e.L.Lesson26KunUz1Application - Running with Spring Boot v3.2.2, Spring v6.1.3
07 февр. 2024 - 20:35:24.693 INFO  c.e.L.Lesson26KunUz1Application - The following 1 profile is active: "local"
07 февр. 2024 - 20:35:25.625 INFO  o.s.d.r.c.RepositoryConfigurationDelegate - Bootstrapping Spring Data JPA repositories in DEFAULT mode.
07 февр. 2024 - 20:35:25.713 INFO  o.s.d.r.c.RepositoryConfigurationDelegate - Finished Spring Data repository scanning in 78 ms. Found 11 JPA repository interfaces.
07 февр. 2024 - 20:35:26.467 INFO  o.s.b.w.e.tomcat.TomcatWebServer - Tomcat initialized with port 8080 (http)
07 февр. 2024 - 20:35:26.483 INFO  o.a.catalina.core.StandardService - Starting service [Tomcat]
07 февр. 2024 - 20:35:26.484 INFO  o.a.catalina.core.StandardEngine - Starting Servlet engine: [Apache Tomcat/10.1.18]
07 февр. 2024 - 20:35:26.563 INFO  o.a.c.c.C.[Tomcat].[localhost].[/] - Initializing Spring embedded WebApplicationContext
07 февр. 2024 - 20:35:26.563 INFO  o.s.b.w.s.c.ServletWebServerApplicationContext - Root WebApplicationContext: initialization completed in 1817 ms
07 февр. 2024 - 20:35:26.590 INFO  o.a.catalina.core.StandardContext - Suspicious URL pattern: [/region/adm/**] in context [], see sections 12.1 and 12.2 of the Servlet specification
07 февр. 2024 - 20:35:26.625 DEBUG c.e.L.Config.TokenFilter - Filter 'filterRegistrationBean' configured for use
07 февр. 2024 - 20:35:26.748 INFO  o.h.jpa.internal.util.LogHelper - HHH000204: Processing PersistenceUnitInfo [name: default]
07 февр. 2024 - 20:35:26.840 INFO  org.hibernate.Version - HHH000412: Hibernate ORM core version 6.4.1.Final
07 февр. 2024 - 20:35:26.890 INFO  o.h.c.i.RegionFactoryInitiator - HHH000026: Second-level cache disabled
07 февр. 2024 - 20:35:27.283 INFO  o.s.o.j.p.SpringPersistenceUnitInfo - No LoadTimeWeaver setup: ignoring JPA class transformer
07 февр. 2024 - 20:35:27.314 INFO  com.zaxxer.hikari.HikariDataSource - HikariPool-1 - Starting...
07 февр. 2024 - 20:35:27.515 INFO  com.zaxxer.hikari.pool.HikariPool - HikariPool-1 - Added connection org.postgresql.jdbc.PgConnection@29b5533
07 февр. 2024 - 20:35:27.517 INFO  com.zaxxer.hikari.HikariDataSource - HikariPool-1 - Start completed.
07 февр. 2024 - 20:35:28.812 INFO  o.h.e.t.j.p.i.JtaPlatformInitiator - HHH000489: No JTA platform available (set 'hibernate.transaction.jta.platform' to enable JTA platform integration)
07 февр. 2024 - 20:35:29.050 INFO  o.s.o.j.LocalContainerEntityManagerFactoryBean - Initialized JPA EntityManagerFactory for persistence unit 'default'
07 февр. 2024 - 20:35:29.331 INFO  o.s.d.j.r.query.QueryEnhancerFactory - Hibernate is in classpath; If applicable, HQL parser will be used.
07 февр. 2024 - 20:35:30.013 WARN  o.s.b.a.o.j.JpaBaseConfiguration$JpaWebConfiguration - spring.jpa.open-in-view is enabled by default. Therefore, database queries may be performed during view rendering. Explicitly configure spring.jpa.open-in-view to disable this warning
07 февр. 2024 - 20:35:30.494 INFO  o.s.b.w.e.tomcat.TomcatWebServer - Tomcat started on port 8080 (http) with context path ''
07 февр. 2024 - 20:35:30.505 INFO  c.e.L.Lesson26KunUz1Application - Started Lesson26KunUz1Application in 6.458 seconds (process running for 7.55)
07 февр. 2024 - 20:49:19.147 INFO  o.s.o.j.LocalContainerEntityManagerFactoryBean - Closing JPA EntityManagerFactory for persistence unit 'default'
07 февр. 2024 - 20:49:19.162 INFO  com.zaxxer.hikari.HikariDataSource - HikariPool-1 - Shutdown initiated...
07 февр. 2024 - 20:49:19.173 INFO  com.zaxxer.hikari.HikariDataSource - HikariPool-1 - Shutdown completed.
07 февр. 2024 - 20:57:05.778 INFO  c.e.L.Lesson26KunUz1Application - Starting Lesson26KunUz1Application using Java 17.0.7 with PID 5832 (C:\Coduz\Spring\Lesson_26_kun_uz1\Lesson_26_kun_uz1\target\classes started by Laptop in C:\Coduz\Spring\Lesson_26_kun_uz1)
07 февр. 2024 - 20:57:05.795 DEBUG c.e.L.Lesson26KunUz1Application - Running with Spring Boot v3.2.2, Spring v6.1.3
07 февр. 2024 - 20:57:05.796 INFO  c.e.L.Lesson26KunUz1Application - The following 1 profile is active: "local"
07 февр. 2024 - 20:57:06.870 INFO  o.s.d.r.c.RepositoryConfigurationDelegate - Bootstrapping Spring Data JPA repositories in DEFAULT mode.
07 февр. 2024 - 20:57:06.964 INFO  o.s.d.r.c.RepositoryConfigurationDelegate - Finished Spring Data repository scanning in 85 ms. Found 11 JPA repository interfaces.
07 февр. 2024 - 20:57:07.619 INFO  o.s.b.w.e.tomcat.TomcatWebServer - Tomcat initialized with port 8080 (http)
07 февр. 2024 - 20:57:07.635 INFO  o.a.catalina.core.StandardService - Starting service [Tomcat]
07 февр. 2024 - 20:57:07.636 INFO  o.a.catalina.core.StandardEngine - Starting Servlet engine: [Apache Tomcat/10.1.18]
07 февр. 2024 - 20:57:07.713 INFO  o.a.c.c.C.[Tomcat].[localhost].[/] - Initializing Spring embedded WebApplicationContext
07 февр. 2024 - 20:57:07.715 INFO  o.s.b.w.s.c.ServletWebServerApplicationContext - Root WebApplicationContext: initialization completed in 1863 ms
07 февр. 2024 - 20:57:07.743 INFO  o.a.catalina.core.StandardContext - Suspicious URL pattern: [/region/adm/**] in context [], see sections 12.1 and 12.2 of the Servlet specification
07 февр. 2024 - 20:57:07.771 DEBUG c.e.L.Config.TokenFilter - Filter 'filterRegistrationBean' configured for use
07 февр. 2024 - 20:57:07.937 INFO  o.h.jpa.internal.util.LogHelper - HHH000204: Processing PersistenceUnitInfo [name: default]
07 февр. 2024 - 20:57:08.031 INFO  org.hibernate.Version - HHH000412: Hibernate ORM core version 6.4.1.Final
07 февр. 2024 - 20:57:08.086 INFO  o.h.c.i.RegionFactoryInitiator - HHH000026: Second-level cache disabled
07 февр. 2024 - 20:57:08.413 INFO  o.s.o.j.p.SpringPersistenceUnitInfo - No LoadTimeWeaver setup: ignoring JPA class transformer
07 февр. 2024 - 20:57:08.450 INFO  com.zaxxer.hikari.HikariDataSource - HikariPool-1 - Starting...
07 февр. 2024 - 20:57:08.696 INFO  com.zaxxer.hikari.pool.HikariPool - HikariPool-1 - Added connection org.postgresql.jdbc.PgConnection@1aac0a47
07 февр. 2024 - 20:57:08.698 INFO  com.zaxxer.hikari.HikariDataSource - HikariPool-1 - Start completed.
07 февр. 2024 - 20:57:10.159 INFO  o.h.e.t.j.p.i.JtaPlatformInitiator - HHH000489: No JTA platform available (set 'hibernate.transaction.jta.platform' to enable JTA platform integration)
07 февр. 2024 - 20:57:10.406 INFO  o.s.o.j.LocalContainerEntityManagerFactoryBean - Initialized JPA EntityManagerFactory for persistence unit 'default'
07 февр. 2024 - 20:57:10.742 INFO  o.s.d.j.r.query.QueryEnhancerFactory - Hibernate is in classpath; If applicable, HQL parser will be used.
07 февр. 2024 - 20:57:11.763 WARN  o.s.b.a.o.j.JpaBaseConfiguration$JpaWebConfiguration - spring.jpa.open-in-view is enabled by default. Therefore, database queries may be performed during view rendering. Explicitly configure spring.jpa.open-in-view to disable this warning
07 февр. 2024 - 20:57:12.221 WARN  o.s.b.w.s.c.AnnotationConfigServletWebServerApplicationContext - Exception encountered during context initialization - cancelling refresh attempt: org.springframework.beans.factory.BeanCreationException: Error creating bean with name 'org.springdoc.core.configuration.SpringDocKotlinConfiguration': Failed to instantiate [org.springdoc.core.configuration.SpringDocKotlinConfiguration]: Constructor threw exception
07 февр. 2024 - 20:57:12.224 INFO  o.s.o.j.LocalContainerEntityManagerFactoryBean - Closing JPA EntityManagerFactory for persistence unit 'default'
07 февр. 2024 - 20:57:12.226 INFO  com.zaxxer.hikari.HikariDataSource - HikariPool-1 - Shutdown initiated...
07 февр. 2024 - 20:57:12.231 INFO  com.zaxxer.hikari.HikariDataSource - HikariPool-1 - Shutdown completed.
07 февр. 2024 - 20:57:12.235 INFO  o.a.catalina.core.StandardService - Stopping service [Tomcat]
07 февр. 2024 - 20:57:12.256 INFO  o.s.b.a.l.ConditionEvaluationReportLogger - 

Error starting ApplicationContext. To display the condition evaluation report re-run your application with 'debug' enabled.
07 февр. 2024 - 20:57:12.276 ERROR o.s.boot.SpringApplication - Application run failed
org.springframework.beans.factory.BeanCreationException: Error creating bean with name 'org.springdoc.core.configuration.SpringDocKotlinConfiguration': Failed to instantiate [org.springdoc.core.configuration.SpringDocKotlinConfiguration]: Constructor threw exception
	at org.springframework.beans.factory.support.ConstructorResolver.instantiate(ConstructorResolver.java:318)
	at org.springframework.beans.factory.support.ConstructorResolver.autowireConstructor(ConstructorResolver.java:306)
	at org.springframework.beans.factory.support.AbstractAutowireCapableBeanFactory.autowireConstructor(AbstractAutowireCapableBeanFactory.java:1354)
	at org.springframework.beans.factory.support.AbstractAutowireCapableBeanFactory.createBeanInstance(AbstractAutowireCapableBeanFactory.java:1191)
	at org.springframework.beans.factory.support.AbstractAutowireCapableBeanFactory.doCreateBean(AbstractAutowireCapableBeanFactory.java:561)
	at org.springframework.beans.factory.support.AbstractAutowireCapableBeanFactory.createBean(AbstractAutowireCapableBeanFactory.java:521)
	at org.springframework.beans.factory.support.AbstractBeanFactory.lambda$doGetBean$0(AbstractBeanFactory.java:325)
	at org.springframework.beans.factory.support.DefaultSingletonBeanRegistry.getSingleton(DefaultSingletonBeanRegistry.java:234)
	at org.springframework.beans.factory.support.AbstractBeanFactory.doGetBean(AbstractBeanFactory.java:323)
	at org.springframework.beans.factory.support.AbstractBeanFactory.getBean(AbstractBeanFactory.java:199)
	at org.springframework.beans.factory.support.DefaultListableBeanFactory.preInstantiateSingletons(DefaultListableBeanFactory.java:975)
	at org.springframework.context.support.AbstractApplicationContext.finishBeanFactoryInitialization(AbstractApplicationContext.java:959)
	at org.springframework.context.support.AbstractApplicationContext.refresh(AbstractApplicationContext.java:624)
	at org.springframework.boot.web.servlet.context.ServletWebServerApplicationContext.refresh(ServletWebServerApplicationContext.java:146)
	at org.springframework.boot.SpringApplication.refresh(SpringApplication.java:754)
	at org.springframework.boot.SpringApplication.refreshContext(SpringApplication.java:456)
	at org.springframework.boot.SpringApplication.run(SpringApplication.java:334)
	at org.springframework.boot.SpringApplication.run(SpringApplication.java:1354)
	at org.springframework.boot.SpringApplication.run(SpringApplication.java:1343)
	at com.example.Lesson_26_kun_uz1.Lesson26KunUz1Application.main(Lesson26KunUz1Application.java:14)
Caused by: org.springframework.beans.BeanInstantiationException: Failed to instantiate [org.springdoc.core.configuration.SpringDocKotlinConfiguration]: Constructor threw exception
	at org.springframework.beans.BeanUtils.instantiateClass(BeanUtils.java:223)
	at org.springframework.beans.factory.support.SimpleInstantiationStrategy.instantiate(SimpleInstantiationStrategy.java:111)
	at org.springframework.beans.factory.support.ConstructorResolver.instantiate(ConstructorResolver.java:315)
	... 19 common frames omitted
Caused by: java.lang.NoClassDefFoundError: com/fasterxml/jackson/module/kotlin/KotlinModule$Builder
	at org.springdoc.core.configuration.SpringDocKotlinConfiguration.<init>(SpringDocKotlinConfiguration.kt:47)
	at java.base/jdk.internal.reflect.NativeConstructorAccessorImpl.newInstance0(Native Method)
	at java.base/jdk.internal.reflect.NativeConstructorAccessorImpl.newInstance(NativeConstructorAccessorImpl.java:77)
	at java.base/jdk.internal.reflect.DelegatingConstructorAccessorImpl.newInstance(DelegatingConstructorAccessorImpl.java:45)
	at java.base/java.lang.reflect.Constructor.newInstanceWithCaller(Constructor.java:499)
	at java.base/java.lang.reflect.Constructor.newInstance(Constructor.java:480)
	at org.springframework.beans.BeanUtils.instantiateClass(BeanUtils.java:210)
	... 21 common frames omitted
Caused by: java.lang.ClassNotFoundException: com.fasterxml.jackson.module.kotlin.KotlinModule$Builder
	at java.base/jdk.internal.loader.BuiltinClassLoader.loadClass(BuiltinClassLoader.java:641)
	at java.base/jdk.internal.loader.ClassLoaders$AppClassLoader.loadClass(ClassLoaders.java:188)
	at java.base/java.lang.ClassLoader.loadClass(ClassLoader.java:520)
	... 28 common frames omitted
07 февр. 2024 - 20:58:20.581 INFO  c.e.L.Lesson26KunUz1Application - Starting Lesson26KunUz1Application using Java 17.0.7 with PID 24880 (C:\Coduz\Spring\Lesson_26_kun_uz1\Lesson_26_kun_uz1\target\classes started by Laptop in C:\Coduz\Spring\Lesson_26_kun_uz1)
07 февр. 2024 - 20:58:20.599 DEBUG c.e.L.Lesson26KunUz1Application - Running with Spring Boot v3.2.2, Spring v6.1.3
07 февр. 2024 - 20:58:20.600 INFO  c.e.L.Lesson26KunUz1Application - The following 1 profile is active: "local"
07 февр. 2024 - 20:58:21.717 INFO  o.s.d.r.c.RepositoryConfigurationDelegate - Bootstrapping Spring Data JPA repositories in DEFAULT mode.
07 февр. 2024 - 20:58:21.819 INFO  o.s.d.r.c.RepositoryConfigurationDelegate - Finished Spring Data repository scanning in 89 ms. Found 11 JPA repository interfaces.
07 февр. 2024 - 20:58:22.487 INFO  o.s.b.w.e.tomcat.TomcatWebServer - Tomcat initialized with port 8080 (http)
07 февр. 2024 - 20:58:22.502 INFO  o.a.catalina.core.StandardService - Starting service [Tomcat]
07 февр. 2024 - 20:58:22.503 INFO  o.a.catalina.core.StandardEngine - Starting Servlet engine: [Apache Tomcat/10.1.18]
07 февр. 2024 - 20:58:22.585 INFO  o.a.c.c.C.[Tomcat].[localhost].[/] - Initializing Spring embedded WebApplicationContext
07 февр. 2024 - 20:58:22.586 INFO  o.s.b.w.s.c.ServletWebServerApplicationContext - Root WebApplicationContext: initialization completed in 1930 ms
07 февр. 2024 - 20:58:22.614 INFO  o.a.catalina.core.StandardContext - Suspicious URL pattern: [/region/adm/**] in context [], see sections 12.1 and 12.2 of the Servlet specification
07 февр. 2024 - 20:58:22.655 DEBUG c.e.L.Config.TokenFilter - Filter 'filterRegistrationBean' configured for use
07 февр. 2024 - 20:58:22.810 INFO  o.h.jpa.internal.util.LogHelper - HHH000204: Processing PersistenceUnitInfo [name: default]
07 февр. 2024 - 20:58:22.904 INFO  org.hibernate.Version - HHH000412: Hibernate ORM core version 6.4.1.Final
07 февр. 2024 - 20:58:22.960 INFO  o.h.c.i.RegionFactoryInitiator - HHH000026: Second-level cache disabled
07 февр. 2024 - 20:58:23.304 INFO  o.s.o.j.p.SpringPersistenceUnitInfo - No LoadTimeWeaver setup: ignoring JPA class transformer
07 февр. 2024 - 20:58:23.337 INFO  com.zaxxer.hikari.HikariDataSource - HikariPool-1 - Starting...
07 февр. 2024 - 20:58:23.592 INFO  com.zaxxer.hikari.pool.HikariPool - HikariPool-1 - Added connection org.postgresql.jdbc.PgConnection@1d637673
07 февр. 2024 - 20:58:23.595 INFO  com.zaxxer.hikari.HikariDataSource - HikariPool-1 - Start completed.
07 февр. 2024 - 20:58:25.183 INFO  o.h.e.t.j.p.i.JtaPlatformInitiator - HHH000489: No JTA platform available (set 'hibernate.transaction.jta.platform' to enable JTA platform integration)
07 февр. 2024 - 20:58:25.433 INFO  o.s.o.j.LocalContainerEntityManagerFactoryBean - Initialized JPA EntityManagerFactory for persistence unit 'default'
07 февр. 2024 - 20:58:25.806 INFO  o.s.d.j.r.query.QueryEnhancerFactory - Hibernate is in classpath; If applicable, HQL parser will be used.
07 февр. 2024 - 20:58:26.795 WARN  o.s.b.a.o.j.JpaBaseConfiguration$JpaWebConfiguration - spring.jpa.open-in-view is enabled by default. Therefore, database queries may be performed during view rendering. Explicitly configure spring.jpa.open-in-view to disable this warning
07 февр. 2024 - 20:58:27.499 INFO  o.s.b.w.e.tomcat.TomcatWebServer - Tomcat started on port 8080 (http) with context path ''
07 февр. 2024 - 20:58:27.511 INFO  c.e.L.Lesson26KunUz1Application - Started Lesson26KunUz1Application in 7.593 seconds (process running for 8.717)
07 февр. 2024 - 20:58:36.350 INFO  o.a.c.c.C.[Tomcat].[localhost].[/] - Initializing Spring DispatcherServlet 'dispatcherServlet'
07 февр. 2024 - 20:58:36.351 INFO  o.s.web.servlet.DispatcherServlet - Initializing Servlet 'dispatcherServlet'
07 февр. 2024 - 20:58:36.352 INFO  o.s.web.servlet.DispatcherServlet - Completed initialization in 1 ms
07 февр. 2024 - 20:58:37.104 INFO  o.s.api.AbstractOpenApiResource - Init duration for springdoc-openapi is: 684 ms
07 февр. 2024 - 21:09:34.535 INFO  o.a.coyote.http11.Http11Processor - Error parsing HTTP request header
 Note: further occurrences of HTTP request parsing errors will be logged at DEBUG level.
java.lang.IllegalArgumentException: Invalid character found in method name [0x160x030x010x020x1a0x010x000x020x160x030x03B0xac0xbe0xef0x930xd80x8a0x120x9f0xfc60xd30xb40xdc0x060x180xb00xe90x940xc6\0xaa0xf7Q0xad9T0x8fWE0xc8u ]. HTTP method names must be tokens
	at org.apache.coyote.http11.Http11InputBuffer.parseRequestLine(Http11InputBuffer.java:407)
	at org.apache.coyote.http11.Http11Processor.service(Http11Processor.java:264)
	at org.apache.coyote.AbstractProcessorLight.process(AbstractProcessorLight.java:63)
	at org.apache.coyote.AbstractProtocol$ConnectionHandler.process(AbstractProtocol.java:896)
	at org.apache.tomcat.util.net.NioEndpoint$SocketProcessor.doRun(NioEndpoint.java:1744)
	at org.apache.tomcat.util.net.SocketProcessorBase.run(SocketProcessorBase.java:52)
	at org.apache.tomcat.util.threads.ThreadPoolExecutor.runWorker(ThreadPoolExecutor.java:1191)
	at org.apache.tomcat.util.threads.ThreadPoolExecutor$Worker.run(ThreadPoolExecutor.java:659)
	at org.apache.tomcat.util.threads.TaskThread$WrappingRunnable.run(TaskThread.java:61)
	at java.base/java.lang.Thread.run(Thread.java:833)
07 февр. 2024 - 21:14:51.397 INFO  o.s.o.j.LocalContainerEntityManagerFactoryBean - Closing JPA EntityManagerFactory for persistence unit 'default'
07 февр. 2024 - 21:14:51.432 INFO  com.zaxxer.hikari.HikariDataSource - HikariPool-1 - Shutdown initiated...
07 февр. 2024 - 21:14:51.444 INFO  com.zaxxer.hikari.HikariDataSource - HikariPool-1 - Shutdown completed.
07 февр. 2024 - 21:15:04.239 INFO  c.e.L.Lesson26KunUz1Application - Starting Lesson26KunUz1Application using Java 17.0.7 with PID 33004 (C:\Coduz\Spring\Lesson_26_kun_uz1\Lesson_26_kun_uz1\target\classes started by Laptop in C:\Coduz\Spring\Lesson_26_kun_uz1)
07 февр. 2024 - 21:15:04.256 DEBUG c.e.L.Lesson26KunUz1Application - Running with Spring Boot v3.2.2, Spring v6.1.3
07 февр. 2024 - 21:15:04.258 INFO  c.e.L.Lesson26KunUz1Application - The following 1 profile is active: "local"
07 февр. 2024 - 21:15:05.483 INFO  o.s.d.r.c.RepositoryConfigurationDelegate - Bootstrapping Spring Data JPA repositories in DEFAULT mode.
07 февр. 2024 - 21:15:05.611 INFO  o.s.d.r.c.RepositoryConfigurationDelegate - Finished Spring Data repository scanning in 112 ms. Found 11 JPA repository interfaces.
07 февр. 2024 - 21:15:06.372 INFO  o.s.b.w.e.tomcat.TomcatWebServer - Tomcat initialized with port 8080 (http)
07 февр. 2024 - 21:15:06.392 INFO  o.a.catalina.core.StandardService - Starting service [Tomcat]
07 февр. 2024 - 21:15:06.392 INFO  o.a.catalina.core.StandardEngine - Starting Servlet engine: [Apache Tomcat/10.1.18]
07 февр. 2024 - 21:15:06.483 INFO  o.a.c.c.C.[Tomcat].[localhost].[/] - Initializing Spring embedded WebApplicationContext
07 февр. 2024 - 21:15:06.484 INFO  o.s.b.w.s.c.ServletWebServerApplicationContext - Root WebApplicationContext: initialization completed in 2165 ms
07 февр. 2024 - 21:15:06.521 INFO  o.a.catalina.core.StandardContext - Suspicious URL pattern: [/region/adm/**] in context [], see sections 12.1 and 12.2 of the Servlet specification
07 февр. 2024 - 21:15:06.555 DEBUG c.e.L.Config.TokenFilter - Filter 'filterRegistrationBean' configured for use
07 февр. 2024 - 21:15:06.707 INFO  o.h.jpa.internal.util.LogHelper - HHH000204: Processing PersistenceUnitInfo [name: default]
07 февр. 2024 - 21:15:06.816 INFO  org.hibernate.Version - HHH000412: Hibernate ORM core version 6.4.1.Final
07 февр. 2024 - 21:15:06.874 INFO  o.h.c.i.RegionFactoryInitiator - HHH000026: Second-level cache disabled
07 февр. 2024 - 21:15:07.253 INFO  o.s.o.j.p.SpringPersistenceUnitInfo - No LoadTimeWeaver setup: ignoring JPA class transformer
07 февр. 2024 - 21:15:07.298 INFO  com.zaxxer.hikari.HikariDataSource - HikariPool-1 - Starting...
07 февр. 2024 - 21:15:07.567 INFO  com.zaxxer.hikari.pool.HikariPool - HikariPool-1 - Added connection org.postgresql.jdbc.PgConnection@3ce7394f
07 февр. 2024 - 21:15:07.569 INFO  com.zaxxer.hikari.HikariDataSource - HikariPool-1 - Start completed.
07 февр. 2024 - 21:15:09.265 INFO  o.h.e.t.j.p.i.JtaPlatformInitiator - HHH000489: No JTA platform available (set 'hibernate.transaction.jta.platform' to enable JTA platform integration)
07 февр. 2024 - 21:15:09.514 INFO  o.s.o.j.LocalContainerEntityManagerFactoryBean - Initialized JPA EntityManagerFactory for persistence unit 'default'
07 февр. 2024 - 21:15:09.884 INFO  o.s.d.j.r.query.QueryEnhancerFactory - Hibernate is in classpath; If applicable, HQL parser will be used.
07 февр. 2024 - 21:15:10.841 WARN  o.s.b.a.o.j.JpaBaseConfiguration$JpaWebConfiguration - spring.jpa.open-in-view is enabled by default. Therefore, database queries may be performed during view rendering. Explicitly configure spring.jpa.open-in-view to disable this warning
07 февр. 2024 - 21:15:11.551 INFO  o.s.b.w.e.tomcat.TomcatWebServer - Tomcat started on port 8080 (http) with context path ''
07 февр. 2024 - 21:15:11.566 INFO  c.e.L.Lesson26KunUz1Application - Started Lesson26KunUz1Application in 8.021 seconds (process running for 9.101)
07 февр. 2024 - 21:17:40.734 INFO  o.a.c.c.C.[Tomcat].[localhost].[/] - Initializing Spring DispatcherServlet 'dispatcherServlet'
07 февр. 2024 - 21:17:40.734 INFO  o.s.web.servlet.DispatcherServlet - Initializing Servlet 'dispatcherServlet'
07 февр. 2024 - 21:17:40.739 INFO  o.s.web.servlet.DispatcherServlet - Completed initialization in 5 ms
07 февр. 2024 - 21:18:07.119 INFO  o.s.api.AbstractOpenApiResource - Init duration for springdoc-openapi is: 667 ms
07 февр. 2024 - 21:19:34.586 INFO  o.a.coyote.http11.Http11Processor - Error parsing HTTP request header
 Note: further occurrences of HTTP request parsing errors will be logged at DEBUG level.
java.lang.IllegalArgumentException: Invalid character found in method name [0x160x030x010x020x000x010x000x010xfc0x030x030xb50x090x17G0x050xcb0x180xd80xb70x970xec0xd40[0xd0N0xcfP7*0x15X0xb7s0x88170xea0xaeW0x9b0xe6 ]. HTTP method names must be tokens
	at org.apache.coyote.http11.Http11InputBuffer.parseRequestLine(Http11InputBuffer.java:407)
	at org.apache.coyote.http11.Http11Processor.service(Http11Processor.java:264)
	at org.apache.coyote.AbstractProcessorLight.process(AbstractProcessorLight.java:63)
	at org.apache.coyote.AbstractProtocol$ConnectionHandler.process(AbstractProtocol.java:896)
	at org.apache.tomcat.util.net.NioEndpoint$SocketProcessor.doRun(NioEndpoint.java:1744)
	at org.apache.tomcat.util.net.SocketProcessorBase.run(SocketProcessorBase.java:52)
	at org.apache.tomcat.util.threads.ThreadPoolExecutor.runWorker(ThreadPoolExecutor.java:1191)
	at org.apache.tomcat.util.threads.ThreadPoolExecutor$Worker.run(ThreadPoolExecutor.java:659)
	at org.apache.tomcat.util.threads.TaskThread$WrappingRunnable.run(TaskThread.java:61)
	at java.base/java.lang.Thread.run(Thread.java:833)
07 февр. 2024 - 21:24:42.588 INFO  o.s.o.j.LocalContainerEntityManagerFactoryBean - Closing JPA EntityManagerFactory for persistence unit 'default'
07 февр. 2024 - 21:24:42.593 INFO  com.zaxxer.hikari.HikariDataSource - HikariPool-1 - Shutdown initiated...
07 февр. 2024 - 21:24:42.603 INFO  com.zaxxer.hikari.HikariDataSource - HikariPool-1 - Shutdown completed.
07 февр. 2024 - 21:24:50.317 INFO  c.e.L.Lesson26KunUz1Application - Starting Lesson26KunUz1Application using Java 17.0.7 with PID 15188 (C:\Coduz\Spring\Lesson_26_kun_uz1\Lesson_26_kun_uz1\target\classes started by Laptop in C:\Coduz\Spring\Lesson_26_kun_uz1)
07 февр. 2024 - 21:24:50.335 DEBUG c.e.L.Lesson26KunUz1Application - Running with Spring Boot v3.2.2, Spring v6.1.3
07 февр. 2024 - 21:24:50.336 INFO  c.e.L.Lesson26KunUz1Application - The following 1 profile is active: "local"
07 февр. 2024 - 21:24:51.420 INFO  o.s.d.r.c.RepositoryConfigurationDelegate - Bootstrapping Spring Data JPA repositories in DEFAULT mode.
07 февр. 2024 - 21:24:51.547 INFO  o.s.d.r.c.RepositoryConfigurationDelegate - Finished Spring Data repository scanning in 116 ms. Found 11 JPA repository interfaces.
07 февр. 2024 - 21:24:52.220 INFO  o.s.b.w.e.tomcat.TomcatWebServer - Tomcat initialized with port 8080 (http)
07 февр. 2024 - 21:24:52.236 INFO  o.a.catalina.core.StandardService - Starting service [Tomcat]
07 февр. 2024 - 21:24:52.237 INFO  o.a.catalina.core.StandardEngine - Starting Servlet engine: [Apache Tomcat/10.1.18]
07 февр. 2024 - 21:24:52.343 INFO  o.a.c.c.C.[Tomcat].[localhost].[/] - Initializing Spring embedded WebApplicationContext
07 февр. 2024 - 21:24:52.344 INFO  o.s.b.w.s.c.ServletWebServerApplicationContext - Root WebApplicationContext: initialization completed in 1951 ms
07 февр. 2024 - 21:24:52.377 INFO  o.a.catalina.core.StandardContext - Suspicious URL pattern: [/region/adm/**] in context [], see sections 12.1 and 12.2 of the Servlet specification
07 февр. 2024 - 21:24:52.409 DEBUG c.e.L.Config.TokenFilter - Filter 'filterRegistrationBean' configured for use
07 февр. 2024 - 21:24:52.573 INFO  o.h.jpa.internal.util.LogHelper - HHH000204: Processing PersistenceUnitInfo [name: default]
07 февр. 2024 - 21:24:52.680 INFO  org.hibernate.Version - HHH000412: Hibernate ORM core version 6.4.1.Final
07 февр. 2024 - 21:24:52.744 INFO  o.h.c.i.RegionFactoryInitiator - HHH000026: Second-level cache disabled
07 февр. 2024 - 21:24:53.073 INFO  o.s.o.j.p.SpringPersistenceUnitInfo - No LoadTimeWeaver setup: ignoring JPA class transformer
07 февр. 2024 - 21:24:53.109 INFO  com.zaxxer.hikari.HikariDataSource - HikariPool-1 - Starting...
07 февр. 2024 - 21:24:53.455 INFO  com.zaxxer.hikari.pool.HikariPool - HikariPool-1 - Added connection org.postgresql.jdbc.PgConnection@131ba005
07 февр. 2024 - 21:24:53.457 INFO  com.zaxxer.hikari.HikariDataSource - HikariPool-1 - Start completed.
07 февр. 2024 - 21:24:55.013 INFO  o.h.e.t.j.p.i.JtaPlatformInitiator - HHH000489: No JTA platform available (set 'hibernate.transaction.jta.platform' to enable JTA platform integration)
07 февр. 2024 - 21:24:55.237 INFO  o.s.o.j.LocalContainerEntityManagerFactoryBean - Initialized JPA EntityManagerFactory for persistence unit 'default'
07 февр. 2024 - 21:24:55.527 INFO  o.s.d.j.r.query.QueryEnhancerFactory - Hibernate is in classpath; If applicable, HQL parser will be used.
07 февр. 2024 - 21:24:56.415 WARN  o.s.b.a.o.j.JpaBaseConfiguration$JpaWebConfiguration - spring.jpa.open-in-view is enabled by default. Therefore, database queries may be performed during view rendering. Explicitly configure spring.jpa.open-in-view to disable this warning
07 февр. 2024 - 21:24:56.964 INFO  o.s.b.w.e.tomcat.TomcatWebServer - Tomcat started on port 8080 (http) with context path ''
07 февр. 2024 - 21:24:56.979 INFO  c.e.L.Lesson26KunUz1Application - Started Lesson26KunUz1Application in 7.277 seconds (process running for 8.174)
07 февр. 2024 - 21:25:01.995 INFO  o.a.c.c.C.[Tomcat].[localhost].[/] - Initializing Spring DispatcherServlet 'dispatcherServlet'
07 февр. 2024 - 21:25:01.996 INFO  o.s.web.servlet.DispatcherServlet - Initializing Servlet 'dispatcherServlet'
07 февр. 2024 - 21:25:01.998 INFO  o.s.web.servlet.DispatcherServlet - Completed initialization in 1 ms
07 февр. 2024 - 21:25:03.018 INFO  o.s.api.AbstractOpenApiResource - Init duration for springdoc-openapi is: 663 ms
07 февр. 2024 - 21:27:24.069 INFO  o.s.o.j.LocalContainerEntityManagerFactoryBean - Closing JPA EntityManagerFactory for persistence unit 'default'
07 февр. 2024 - 21:27:24.072 INFO  com.zaxxer.hikari.HikariDataSource - HikariPool-1 - Shutdown initiated...
07 февр. 2024 - 21:27:24.087 INFO  com.zaxxer.hikari.HikariDataSource - HikariPool-1 - Shutdown completed.
07 февр. 2024 - 21:27:41.302 INFO  c.e.L.Lesson26KunUz1Application - Starting Lesson26KunUz1Application using Java 17.0.7 with PID 26520 (C:\Coduz\Spring\Lesson_26_kun_uz1\Lesson_26_kun_uz1\target\classes started by Laptop in C:\Coduz\Spring\Lesson_26_kun_uz1)
07 февр. 2024 - 21:27:41.321 DEBUG c.e.L.Lesson26KunUz1Application - Running with Spring Boot v3.2.2, Spring v6.1.3
07 февр. 2024 - 21:27:41.322 INFO  c.e.L.Lesson26KunUz1Application - The following 1 profile is active: "local"
07 февр. 2024 - 21:27:42.398 INFO  o.s.d.r.c.RepositoryConfigurationDelegate - Bootstrapping Spring Data JPA repositories in DEFAULT mode.
07 февр. 2024 - 21:27:42.496 INFO  o.s.d.r.c.RepositoryConfigurationDelegate - Finished Spring Data repository scanning in 87 ms. Found 11 JPA repository interfaces.
07 февр. 2024 - 21:27:43.177 INFO  o.s.b.w.e.tomcat.TomcatWebServer - Tomcat initialized with port 8080 (http)
07 февр. 2024 - 21:27:43.191 INFO  o.a.catalina.core.StandardService - Starting service [Tomcat]
07 февр. 2024 - 21:27:43.192 INFO  o.a.catalina.core.StandardEngine - Starting Servlet engine: [Apache Tomcat/10.1.18]
07 февр. 2024 - 21:27:43.277 INFO  o.a.c.c.C.[Tomcat].[localhost].[/] - Initializing Spring embedded WebApplicationContext
07 февр. 2024 - 21:27:43.277 INFO  o.s.b.w.s.c.ServletWebServerApplicationContext - Root WebApplicationContext: initialization completed in 1892 ms
07 февр. 2024 - 21:27:43.310 INFO  o.a.catalina.core.StandardContext - Suspicious URL pattern: [/region/adm/**] in context [], see sections 12.1 and 12.2 of the Servlet specification
07 февр. 2024 - 21:27:43.341 DEBUG c.e.L.Config.TokenFilter - Filter 'filterRegistrationBean' configured for use
07 февр. 2024 - 21:27:43.481 INFO  o.h.jpa.internal.util.LogHelper - HHH000204: Processing PersistenceUnitInfo [name: default]
07 февр. 2024 - 21:27:43.537 INFO  org.hibernate.Version - HHH000412: Hibernate ORM core version 6.4.1.Final
07 февр. 2024 - 21:27:43.580 INFO  o.h.c.i.RegionFactoryInitiator - HHH000026: Second-level cache disabled
07 февр. 2024 - 21:27:43.895 INFO  o.s.o.j.p.SpringPersistenceUnitInfo - No LoadTimeWeaver setup: ignoring JPA class transformer
07 февр. 2024 - 21:27:43.932 INFO  com.zaxxer.hikari.HikariDataSource - HikariPool-1 - Starting...
07 февр. 2024 - 21:27:44.160 INFO  com.zaxxer.hikari.pool.HikariPool - HikariPool-1 - Added connection org.postgresql.jdbc.PgConnection@53f495f0
07 февр. 2024 - 21:27:44.162 INFO  com.zaxxer.hikari.HikariDataSource - HikariPool-1 - Start completed.
07 февр. 2024 - 21:27:45.630 INFO  o.h.e.t.j.p.i.JtaPlatformInitiator - HHH000489: No JTA platform available (set 'hibernate.transaction.jta.platform' to enable JTA platform integration)
07 февр. 2024 - 21:27:45.859 INFO  o.s.o.j.LocalContainerEntityManagerFactoryBean - Initialized JPA EntityManagerFactory for persistence unit 'default'
07 февр. 2024 - 21:27:46.192 INFO  o.s.d.j.r.query.QueryEnhancerFactory - Hibernate is in classpath; If applicable, HQL parser will be used.
07 февр. 2024 - 21:27:47.072 WARN  o.s.b.a.o.j.JpaBaseConfiguration$JpaWebConfiguration - spring.jpa.open-in-view is enabled by default. Therefore, database queries may be performed during view rendering. Explicitly configure spring.jpa.open-in-view to disable this warning
07 февр. 2024 - 21:27:47.726 INFO  o.s.b.w.e.tomcat.TomcatWebServer - Tomcat started on port 8080 (http) with context path ''
07 февр. 2024 - 21:27:47.738 INFO  c.e.L.Lesson26KunUz1Application - Started Lesson26KunUz1Application in 7.05 seconds (process running for 7.849)
07 февр. 2024 - 21:27:49.237 INFO  o.a.c.c.C.[Tomcat].[localhost].[/] - Initializing Spring DispatcherServlet 'dispatcherServlet'
07 февр. 2024 - 21:27:49.238 INFO  o.s.web.servlet.DispatcherServlet - Initializing Servlet 'dispatcherServlet'
07 февр. 2024 - 21:27:49.241 INFO  o.s.web.servlet.DispatcherServlet - Completed initialization in 1 ms
07 февр. 2024 - 21:27:50.316 INFO  o.s.api.AbstractOpenApiResource - Init duration for springdoc-openapi is: 708 ms
07 февр. 2024 - 21:29:34.600 INFO  o.a.coyote.http11.Http11Processor - Error parsing HTTP request header
 Note: further occurrences of HTTP request parsing errors will be logged at DEBUG level.
java.lang.IllegalArgumentException: Invalid character found in method name [0x160x030x010x020x1a0x010x000x020x160x030x030xee0xd00xe90xcc.0xc70x910xfb0x99m0xe80x9aT0x950x8fTc0x020xf1-0x03^0xc90xe30x9e0x13:@0xda%f0x90 ]. HTTP method names must be tokens
	at org.apache.coyote.http11.Http11InputBuffer.parseRequestLine(Http11InputBuffer.java:407)
	at org.apache.coyote.http11.Http11Processor.service(Http11Processor.java:264)
	at org.apache.coyote.AbstractProcessorLight.process(AbstractProcessorLight.java:63)
	at org.apache.coyote.AbstractProtocol$ConnectionHandler.process(AbstractProtocol.java:896)
	at org.apache.tomcat.util.net.NioEndpoint$SocketProcessor.doRun(NioEndpoint.java:1744)
	at org.apache.tomcat.util.net.SocketProcessorBase.run(SocketProcessorBase.java:52)
	at org.apache.tomcat.util.threads.ThreadPoolExecutor.runWorker(ThreadPoolExecutor.java:1191)
	at org.apache.tomcat.util.threads.ThreadPoolExecutor$Worker.run(ThreadPoolExecutor.java:659)
	at org.apache.tomcat.util.threads.TaskThread$WrappingRunnable.run(TaskThread.java:61)
	at java.base/java.lang.Thread.run(Thread.java:833)
07 февр. 2024 - 21:32:05.385 INFO  o.s.o.j.LocalContainerEntityManagerFactoryBean - Closing JPA EntityManagerFactory for persistence unit 'default'
07 февр. 2024 - 21:32:05.385 INFO  com.zaxxer.hikari.HikariDataSource - HikariPool-1 - Shutdown initiated...
07 февр. 2024 - 21:32:05.404 INFO  com.zaxxer.hikari.HikariDataSource - HikariPool-1 - Shutdown completed.
