09 ????. 2024 - 10:47:05.417 WARN  o.s.b.t.j.DuplicateJsonObjectContextCustomizerFactory$DuplicateJsonObjectContextCustomizer - 

Found multiple occurrences of org.json.JSONObject on the class path:

	jar:file:/C:/Users/Laptop/.m2/repository/com/vaadin/external/google/android-json/0.0.20131108.vaadin1/android-json-0.0.20131108.vaadin1.jar!/org/json/JSONObject.class
	jar:file:/C:/Users/Laptop/.m2/repository/org/json/json/20220924/json-20220924.jar!/org/json/JSONObject.class

You may wish to exclude one of them to ensure predictable runtime behavior

09 ????. 2024 - 10:47:05.495 INFO  c.e.L.Lesson26KunUz1ApplicationTests - Starting Lesson26KunUz1ApplicationTests using Java 17.0.7 with PID 42664 (started by Laptop in C:\Coduz\Spring\Lesson_26_kun_uz1\Lesson_26_kun_uz1)
09 ????. 2024 - 10:47:05.497 DEBUG c.e.L.Lesson26KunUz1ApplicationTests - Running with Spring Boot v3.2.2, Spring v6.1.3
09 ????. 2024 - 10:47:05.499 INFO  c.e.L.Lesson26KunUz1ApplicationTests - The following 1 profile is active: "local"
09 ????. 2024 - 10:47:07.218 INFO  o.s.d.r.c.RepositoryConfigurationDelegate - Bootstrapping Spring Data JPA repositories in DEFAULT mode.
09 ????. 2024 - 10:47:07.377 INFO  o.s.d.r.c.RepositoryConfigurationDelegate - Finished Spring Data repository scanning in 142 ms. Found 11 JPA repository interfaces.
09 ????. 2024 - 10:47:08.282 INFO  o.h.jpa.internal.util.LogHelper - HHH000204: Processing PersistenceUnitInfo [name: default]
09 ????. 2024 - 10:47:08.452 INFO  org.hibernate.Version - HHH000412: Hibernate ORM core version 6.4.1.Final
09 ????. 2024 - 10:47:08.582 INFO  o.h.c.i.RegionFactoryInitiator - HHH000026: Second-level cache disabled
09 ????. 2024 - 10:47:09.201 INFO  o.s.o.j.p.SpringPersistenceUnitInfo - No LoadTimeWeaver setup: ignoring JPA class transformer
09 ????. 2024 - 10:47:09.253 INFO  com.zaxxer.hikari.HikariDataSource - HikariPool-1 - Starting...
09 ????. 2024 - 10:47:09.727 INFO  com.zaxxer.hikari.pool.HikariPool - HikariPool-1 - Added connection org.postgresql.jdbc.PgConnection@7bf65e0f
09 ????. 2024 - 10:47:09.731 INFO  com.zaxxer.hikari.HikariDataSource - HikariPool-1 - Start completed.
09 ????. 2024 - 10:47:11.623 INFO  o.h.e.t.j.p.i.JtaPlatformInitiator - HHH000489: No JTA platform available (set 'hibernate.transaction.jta.platform' to enable JTA platform integration)
09 ????. 2024 - 10:47:11.890 INFO  o.s.o.j.LocalContainerEntityManagerFactoryBean - Initialized JPA EntityManagerFactory for persistence unit 'default'
09 ????. 2024 - 10:47:12.487 INFO  o.s.d.j.r.query.QueryEnhancerFactory - Hibernate is in classpath; If applicable, HQL parser will be used.
09 ????. 2024 - 10:47:14.177 WARN  o.s.b.a.o.j.JpaBaseConfiguration$JpaWebConfiguration - spring.jpa.open-in-view is enabled by default. Therefore, database queries may be performed during view rendering. Explicitly configure spring.jpa.open-in-view to disable this warning
09 ????. 2024 - 10:47:15.143 INFO  c.e.L.Lesson26KunUz1ApplicationTests - Started Lesson26KunUz1ApplicationTests in 10.222 seconds (process running for 12.184)
09 ????. 2024 - 10:47:16.321 INFO  o.s.o.j.LocalContainerEntityManagerFactoryBean - Closing JPA EntityManagerFactory for persistence unit 'default'
09 ????. 2024 - 10:47:16.326 INFO  com.zaxxer.hikari.HikariDataSource - HikariPool-1 - Shutdown initiated...
09 ????. 2024 - 10:47:16.336 INFO  com.zaxxer.hikari.HikariDataSource - HikariPool-1 - Shutdown completed.
